<?xml version="1.0" encoding="UTF-8"?>
<testsuite name="ru.stqa.pft.addressbook.tests.GroupCreationTests" tests="4" skipped="0" failures="0" errors="0" timestamp="2016-10-05T11:12:58" hostname="kc-14-55" time="4.857">
  <properties/>
  <testcase name="testBadGroupCreation" classname="ru.stqa.pft.addressbook.tests.GroupCreationTests" time="1.307"/>
  <testcase name="testGroupCreationJson[0](GroupData{id='2147483647', name='name 0'})" classname="ru.stqa.pft.addressbook.tests.GroupCreationTests" time="1.157"/>
  <testcase name="testGroupCreationJson[1](GroupData{id='2147483647', name='name 1'})" classname="ru.stqa.pft.addressbook.tests.GroupCreationTests" time="1.248"/>
  <testcase name="testGroupCreationJson[2](GroupData{id='2147483647', name='name 2'})" classname="ru.stqa.pft.addressbook.tests.GroupCreationTests" time="1.131"/>
  <system-out><![CDATA[]]></system-out>
  <system-err><![CDATA[]]></system-err>
</testsuite>
