<?xml version="1.0" encoding="UTF-8"?>
<testsuite name="ru.stqa.pft.addressbook.tests.GroupDeletionTests" tests="1" skipped="0" failures="0" errors="0" timestamp="2016-10-05T11:13:04" hostname="kc-14-55" time="0.651">
  <properties/>
  <testcase name="testgroupDeletion" classname="ru.stqa.pft.addressbook.tests.GroupDeletionTests" time="0.651"/>
  <system-out><![CDATA[]]></system-out>
  <system-err><![CDATA[]]></system-err>
</testsuite>
